<?xml version="1.0" encoding="UTF-8"?>
<!-- Generated by org.testng.reporters.JUnitReportReporter -->
<testsuite hostname="owner" name="com.actitime.scripts.CreateCustAndProjTest" tests="3" failures="0" timestamp="28 May 2016 07:40:23 GMT" time="37.803" errors="0">
  <testcase name="deleteCustomerTest" time="12.387" classname="com.actitime.scripts.CreateCustAndProjTest"/>
  <testcase name="createCustomerTest" time="13.546" classname="com.actitime.scripts.CreateCustAndProjTest"/>
  <testcase name="createProjectTest" time="11.870" classname="com.actitime.scripts.CreateCustAndProjTest"/>
</testsuite> <!-- com.actitime.scripts.CreateCustAndProjTest -->
