<?xml version="1.0" encoding="UTF-8"?>
<!-- Generated by org.testng.reporters.JUnitReportReporter -->
<testsuite hostname="owner" name="com.actitime.scripts.LoginTest" tests="1" failures="0" timestamp="28 May 2016 07:40:23 GMT" time="12.039" errors="0">
  <testcase name="loginTest" time="12.039" classname="com.actitime.scripts.LoginTest"/>
</testsuite> <!-- com.actitime.scripts.LoginTest -->
